<?xml version="1.0" encoding="UTF-8"?>
<testsuite name="com.gorest.cucumber.CucumberRunner" time="0.321" tests="38" errors="0" skipped="0" failures="0">
  <properties>
[...]
</properties>
  <testcase name="When I create a new user by providing the information name &quot;Enriqueta1&quot; gender &quot;Female&quot; email &quot;eflott0@weibo.com&quot; status &quot;active&quot;" classname="| Enriqueta1 | Female | eflott0@weibo.com | active |" time="0"/>
  <testcase name="When I create a new user by providing the information name &quot;Enriqueta1&quot; gender &quot;Female&quot; email &quot;eflott0@weibo.com&quot; status &quot;active&quot;" classname="| Enriqueta1 | Female | eflott0@weibo.com | active |" time="0"/>
  <testcase name="Then I verify new user is created" classname="| Enriqueta1 | Female | eflott0@weibo.com | active |" time="0"/>
  <testcase name="| Enriqueta1 | Female | eflott0@weibo.com | active |" classname="| Enriqueta1 | Female | eflott0@weibo.com | active |" time="0.001"/>
  <testcase name="| Enriqueta1 | Female | eflott0@weibo.com | active |" classname="| Enriqueta1 | Female | eflott0@weibo.com | active |" time="0.003"/>
  <testcase name="When I create a new user by providing the information name &quot;Alphonso1&quot; gender &quot;Male&quot; email &quot;aartiss1@paginegialle.it&quot; status &quot;active&quot;" classname="| Alphonso1 | Male | aartiss1@paginegialle.it | active |" time="0"/>
  <testcase name="When I create a new user by providing the information name &quot;Alphonso1&quot; gender &quot;Male&quot; email &quot;aartiss1@paginegialle.it&quot; status &quot;active&quot;" classname="| Alphonso1 | Male | aartiss1@paginegialle.it | active |" time="0"/>
  <testcase name="Then I verify new user is created" classname="| Alphonso1 | Male | aartiss1@paginegialle.it | active |" time="0"/>
  <testcase name="| Alphonso1 | Male | aartiss1@paginegialle.it | active |" classname="| Alphonso1 | Male | aartiss1@paginegialle.it | active |" time="0.002"/>
  <testcase name="| Alphonso1 | Male | aartiss1@paginegialle.it | active |" classname="| Alphonso1 | Male | aartiss1@paginegialle.it | active |" time="0.001"/>
  <testcase name="When I create a new user by providing the information name &quot;Alastair1&quot; gender &quot;Male&quot; email &quot;ashillitoe2@elpais.com&quot; status &quot;inactive&quot;" classname="| Alastair1 | Male | ashillitoe2@elpais.com | inactive |" time="0"/>
  <testcase name="When I create a new user by providing the information name &quot;Alastair1&quot; gender &quot;Male&quot; email &quot;ashillitoe2@elpais.com&quot; status &quot;inactive&quot;" classname="| Alastair1 | Male | ashillitoe2@elpais.com | inactive |" time="0"/>
  <testcase name="Then I verify new user is created" classname="| Alastair1 | Male | ashillitoe2@elpais.com | inactive |" time="0"/>
  <testcase name="| Alastair1 | Male | ashillitoe2@elpais.com | inactive |" classname="| Alastair1 | Male | ashillitoe2@elpais.com | inactive |" time="0.004"/>
  <testcase name="| Alastair1 | Male | ashillitoe2@elpais.com | inactive |" classname="| Alastair1 | Male | ashillitoe2@elpais.com | inactive |" time="0.002"/>
  <testcase name="When I create a new user by providing the information name &quot;Weider1&quot; gender &quot;Male&quot; email &quot;wclaige3@wufoo.com&quot; status &quot;active&quot;" classname="| Weider1 | Male | wclaige3@wufoo.com | active |" time="0"/>
  <testcase name="When I create a new user by providing the information name &quot;Weider1&quot; gender &quot;Male&quot; email &quot;wclaige3@wufoo.com&quot; status &quot;active&quot;" classname="| Weider1 | Male | wclaige3@wufoo.com | active |" time="0"/>
  <testcase name="Then I verify new user is created" classname="| Weider1 | Male | wclaige3@wufoo.com | active |" time="0.001"/>
  <testcase name="| Weider1 | Male | wclaige3@wufoo.com | active |" classname="| Weider1 | Male | wclaige3@wufoo.com | active |" time="0.237"/>
  <testcase name="| Weider1 | Male | wclaige3@wufoo.com | active |" classname="| Weider1 | Male | wclaige3@wufoo.com | active |" time="0.104"/>
  <testcase name="When I update user with name &quot;Edwarto1&quot; gender &quot;Male&quot; email &quot;edwarto1@weibo.com&quot; status &quot;active&quot;" classname="| Edwarto1 | Male | edwarto1@weibo.com | active | 200 |" time="0"/>
  <testcase name="Then I verify the response has &quot;200&quot; status code" classname="| Edwarto1 | Male | edwarto1@weibo.com | active | 200 |" time="0"/>
  <testcase name="| Edwarto1 | Male | edwarto1@weibo.com | active | 200 |" classname="| Edwarto1 | Male | edwarto1@weibo.com | active | 200 |" time="0.076"/>
  <testcase name="| Edwarto1 | Male | edwarto1@weibo.com | active | 200 |" classname="| Edwarto1 | Male | edwarto1@weibo.com | active | 200 |" time="0.042"/>
  <testcase name="When I delete user with name &quot;Edwarto1&quot; gender &quot;Male&quot; email &quot;edwarto1@weibo.com&quot; status &quot;active&quot;" classname="| Edwarto1 | Male | edwarto1@weibo.com | active | 200 |" time="0"/>
  <testcase name="Then I verify the response has status code" classname="| Edwarto1 | Male | edwarto1@weibo.com | active | 200 |" time="0"/>
  <testcase name="And I update user with name &quot;Enriqueta1&quot; gender &quot;Female&quot; email &quot;eflott0@weibo.com&quot; status &quot;active&quot;" classname="| Enriqueta1 | Female | eflott0@weibo.com | active |" time="0"/>
  <testcase name="And I delete user with name &quot;Enriqueta1&quot; gender &quot;Female&quot; email &quot;eflott0@weibo.com&quot; status &quot;active&quot;" classname="| Enriqueta1 | Female | eflott0@weibo.com | active |" time="0"/>
  <testcase name="Then I verify the response has status code" classname="| Enriqueta1 | Female | eflott0@weibo.com | active |" time="0"/>
  <testcase name="And I update user with name &quot;Alphonso1&quot; gender &quot;Male&quot; email &quot;aartiss1@paginegialle.it&quot; status &quot;active&quot;" classname="| Alphonso1 | Male | aartiss1@paginegialle.it | active |" time="0"/>
  <testcase name="And I delete user with name &quot;Alphonso1&quot; gender &quot;Male&quot; email &quot;aartiss1@paginegialle.it&quot; status &quot;active&quot;" classname="| Alphonso1 | Male | aartiss1@paginegialle.it | active |" time="0"/>
  <testcase name="Then I verify the response has status code" classname="| Alphonso1 | Male | aartiss1@paginegialle.it | active |" time="0"/>
  <testcase name="And I update user with name &quot;Alastair1&quot; gender &quot;Male&quot; email &quot;ashillitoe2@elpais.com&quot; status &quot;inactive&quot;" classname="| Alastair1 | Male | ashillitoe2@elpais.com | inactive |" time="0"/>
  <testcase name="And I delete user with name &quot;Alastair1&quot; gender &quot;Male&quot; email &quot;ashillitoe2@elpais.com&quot; status &quot;inactive&quot;" classname="| Alastair1 | Male | ashillitoe2@elpais.com | inactive |" time="0"/>
  <testcase name="Then I verify the response has status code" classname="| Alastair1 | Male | ashillitoe2@elpais.com | inactive |" time="0"/>
  <testcase name="And I update user with name &quot;Weider1&quot; gender &quot;Male&quot; email &quot;wclaige3@wufoo.com&quot; status &quot;active&quot;" classname="| Weider1 | Male | wclaige3@wufoo.com | active |" time="0"/>
  <testcase name="And I delete user with name &quot;Weider1&quot; gender &quot;Male&quot; email &quot;wclaige3@wufoo.com&quot; status &quot;active&quot;" classname="| Weider1 | Male | wclaige3@wufoo.com | active |" time="0"/>
  <testcase name="Then I verify the response has status code" classname="| Weider1 | Male | wclaige3@wufoo.com | active |" time="0"/>
</testsuite>