<?xml version="1.0" encoding="UTF-8"?><testsuite errors="0" failures="1" name="com.gorest.crudtests.TagsTest" skipped="0" tests="2" time="9.89" timestamp="2023-01-10T19:37:12.060Z[Europe/London]"><testcase classname="com.gorest.crudtests.TagsTest" name="Provide a 500 status code when incorrect HTTP method is used to access resource"><failure message="1 expectation failed.&#10;Expected status code &lt;500&gt; but was &lt;200&gt;.&#10;" type="java.lang.AssertionError">1 expectation failed.
Expected status code &lt;500&gt; but was &lt;200&gt;.
</failure><system-err>1 expectation failed.
Expected status code &lt;500&gt; but was &lt;200&gt;.
&#13;
io.restassured.internal.ResponseSpecificationImpl.validateResponseIfRequired(ResponseSpecificationImpl.groovy:636)&#13;
io.restassured.internal.ResponseSpecificationImpl.statusCode(ResponseSpecificationImpl.groovy:122)&#13;
io.restassured.internal.ResponseSpecificationImpl.statusCode(ResponseSpecificationImpl.groovy:130)&#13;
io.restassured.internal.ValidatableResponseOptionsImpl.statusCode(ValidatableResponseOptionsImpl.java:117)&#13;
com.gorest.crudtests.TagsTest.invalidMethod(TagsTest.java:24)&#13;
</system-err></testcase><testcase classname="com.gorest.crudtests.TagsTest" name="This test will verify if a status code of 200 is returned for GET request"/></testsuite>